<?xml version="1.0"?>

<component name="org.nuxeo.ecm.platform.types.core.test">

  <extension target="org.nuxeo.ecm.core.schema.TypeService" point="doctype">
    <doctype name="MyDocType" extends="Document">
    </doctype>
  </extension>

</component>

