<component name="test:redis:pfouh:listener">

  <require>event-listener-async</require>
  <extension target="org.nuxeo.ecm.core.event.EventServiceComponent" point="listener">
    <listener async="true" class="org.nuxeo.ecm.core.redis.TestRedisWorkSchedule$PfouhListener" name="postCommit">
      <event>pfouh</event>
    </listener>
  </extension>

</component>