<?xml version="1.0"?>
<component name="test-shallow-filter-listener">

  <require>event-listener-async</require>
  <extension target="org.nuxeo.ecm.core.event.EventServiceComponent" point="listener">
    <listener
            name="postCommit"
            async="true"
            postCommit="true"
            class="org.nuxeo.ecm.core.event.test.ShallowFilterPostCommitEventListener">
    </listener>
  </extension>

</component>
