<?xml version="1.0"?>
<component name="test-local-pipes">

  <require>org.nuxeo.ecm.core.event.EventServiceComponent</require>

  <require>event-listener-async</require>
  <extension target="org.nuxeo.ecm.core.event.EventServiceComponent" point="pipe">
    <eventPipe name="pipe" class="org.nuxeo.ecm.core.event.pipe.local.LocalEventBundlePipe" priority="0">
    </eventPipe>
  </extension>
  
</component>


